# JRE version: OpenJDK Runtime Environment Temurin-17.0.2+8 (17.0.2+8) (build 17.0.2+8)
# Java VM: OpenJDK 64-Bit Server VM Temurin-17.0.2+8 (17.0.2+8, mixed mode, tiered, compressed oops, compressed class ptrs, parallel gc, windows-amd64)
GC Precious Log:
 CPUs: 4 total, 4 available
 Memory: 8091M
 Large Page Support: Disabled
 NUMA Support: Disabled
 Compressed Oops: Enabled (32-bit)
 Alignments: Space 512K, Generation 512K, Heap 2M
 Heap Min Capacity: 100M
 Heap Initial Capacity: 100M
 Heap Max Capacity: 1G
 Pre-touch: Disabled
 Parallel Workers: 4
Heap:
 PSYoungGen      total 3072K, used 2130K [0x00000000eab00000, 0x00000000eb100000, 0x0000000100000000)
  eden space 512K, 0% used [0x00000000eab00000,0x00000000eab00000,0x00000000eab80000)
  from space 2560K, 83% used [0x00000000eab80000,0x00000000ead94ae0,0x00000000eae00000)
  to   space 2560K, 0% used [0x00000000eae80000,0x00000000eae80000,0x00000000eb100000)
 ParOldGen       total 152576K, used 109851K [0x00000000c0000000, 0x00000000c9500000, 0x00000000eab00000)
  object space 152576K, 71% used [0x00000000c0000000,0x00000000c6b46ce8,0x00000000c9500000)
 Metaspace       used 83722K, committed 84864K, reserved 1130496K
  class space    used 8487K, committed 8960K, reserved 1048576K
GC Heap History (20 events):
Event: 2503.301 GC heap after
{Heap after GC invocations=1449 (full 30):
 PSYoungGen      total 2560K, used 448K [0x00000000eab00000, 0x00000000eaf80000, 0x0000000100000000)
  eden space 2048K, 0% used [0x00000000eab00000,0x00000000eab00000,0x00000000ead00000)
  from space 512K, 87% used [0x00000000eaf00000,0x00000000eaf70030,0x00000000eaf80000)
  to   space 512K, 0% used [0x00000000eae80000,0x00000000eae80000,0x00000000eaf00000)
 ParOldGen       total 152576K, used 107480K [0x00000000c0000000, 0x00000000c9500000, 0x00000000eab00000)
  object space 152576K, 70% used [0x00000000c0000000,0x00000000c68f6018,0x00000000c9500000)
 Metaspace       used 83706K, committed 84800K, reserved 1130496K
  class space    used 8487K, committed 8960K, reserved 1048576K
}
Event: 2503.378 GC heap before
{Heap before GC invocations=1450 (full 30):
 PSYoungGen      total 2560K, used 2496K [0x00000000eab00000, 0x00000000eaf80000, 0x0000000100000000)
  eden space 2048K, 100% used [0x00000000eab00000,0x00000000ead00000,0x00000000ead00000)
  from space 512K, 87% used [0x00000000eaf00000,0x00000000eaf70030,0x00000000eaf80000)
  to   space 512K, 0% used [0x00000000eae80000,0x00000000eae80000,0x00000000eaf00000)
 ParOldGen       total 152576K, used 107480K [0x00000000c0000000, 0x00000000c9500000, 0x00000000eab00000)
  object space 152576K, 70% used [0x00000000c0000000,0x00000000c68f6018,0x00000000c9500000)
 Metaspace       used 83706K, committed 84800K, reserved 1130496K
  class space    used 8487K, committed 8960K, reserved 1048576K
}
Event: 2503.379 GC heap after
{Heap after GC invocations=1450 (full 30):
 PSYoungGen      total 2560K, used 464K [0x00000000eab00000, 0x00000000eaf80000, 0x0000000100000000)
  eden space 2048K, 0% used [0x00000000eab00000,0x00000000eab00000,0x00000000ead00000)
  from space 512K, 90% used [0x00000000eae80000,0x00000000eaef4040,0x00000000eaf00000)
  to   space 512K, 0% used [0x00000000eaf00000,0x00000000eaf00000,0x00000000eaf80000)
 ParOldGen       total 152576K, used 107480K [0x00000000c0000000, 0x00000000c9500000, 0x00000000eab00000)
  object space 152576K, 70% used [0x00000000c0000000,0x00000000c68f6018,0x00000000c9500000)
 Metaspace       used 83706K, committed 84800K, reserved 1130496K
  class space    used 8487K, committed 8960K, reserved 1048576K
}
Event: 2503.484 GC heap before
{Heap before GC invocations=1451 (full 30):
 PSYoungGen      total 2560K, used 2512K [0x00000000eab00000, 0x00000000eaf80000, 0x0000000100000000)
  eden space 2048K, 100% used [0x00000000eab00000,0x00000000ead00000,0x00000000ead00000)
  from space 512K, 90% used [0x00000000eae80000,0x00000000eaef4040,0x00000000eaf00000)
  to   space 512K, 0% used [0x00000000eaf00000,0x00000000eaf00000,0x00000000eaf80000)
 ParOldGen       total 152576K, used 107480K [0x00000000c0000000, 0x00000000c9500000, 0x00000000eab00000)
  object space 152576K, 70% used [0x00000000c0000000,0x00000000c68f6018,0x00000000c9500000)
 Metaspace       used 83712K, committed 84800K, reserved 1130496K
  class space    used 8487K, committed 8960K, reserved 1048576K
}
Event: 2503.485 GC heap after
{Heap after GC invocations=1451 (full 30):
 PSYoungGen      total 2560K, used 480K [0x00000000eab00000, 0x00000000eaf80000, 0x0000000100000000)
  eden space 2048K, 0% used [0x00000000eab00000,0x00000000eab00000,0x00000000ead00000)
  from space 512K, 93% used [0x00000000eaf00000,0x00000000eaf78050,0x00000000eaf80000)
  to   space 512K, 0% used [0x00000000eae80000,0x00000000eae80000,0x00000000eaf00000)
 ParOldGen       total 152576K, used 107488K [0x00000000c0000000, 0x00000000c9500000, 0x00000000eab00000)
  object space 152576K, 70% used [0x00000000c0000000,0x00000000c68f8018,0x00000000c9500000)
 Metaspace       used 83712K, committed 84800K, reserved 1130496K
  class space    used 8487K, committed 8960K, reserved 1048576K
}
Event: 2516.799 GC heap before
{Heap before GC invocations=1452 (full 30):
 PSYoungGen      total 2560K, used 2528K [0x00000000eab00000, 0x00000000eaf80000, 0x0000000100000000)
  eden space 2048K, 100% used [0x00000000eab00000,0x00000000ead00000,0x00000000ead00000)
  from space 512K, 93% used [0x00000000eaf00000,0x00000000eaf78050,0x00000000eaf80000)
  to   space 512K, 0% used [0x00000000eae80000,0x00000000eae80000,0x00000000eaf00000)
 ParOldGen       total 152576K, used 107488K [0x00000000c0000000, 0x00000000c9500000, 0x00000000eab00000)
  object space 152576K, 70% used [0x00000000c0000000,0x00000000c68f8018,0x00000000c9500000)
 Metaspace       used 83712K, committed 84800K, reserved 1130496K
  class space    used 8487K, committed 8960K, reserved 1048576K
}
Event: 2516.801 GC heap after
{Heap after GC invocations=1452 (full 30):
 PSYoungGen      total 2560K, used 496K [0x00000000eab00000, 0x00000000eaf80000, 0x0000000100000000)
  eden space 2048K, 0% used [0x00000000eab00000,0x00000000eab00000,0x00000000ead00000)
  from space 512K, 96% used [0x00000000eae80000,0x00000000eaefc040,0x00000000eaf00000)
  to   space 512K, 0% used [0x00000000eaf00000,0x00000000eaf00000,0x00000000eaf80000)
 ParOldGen       total 152576K, used 107512K [0x00000000c0000000, 0x00000000c9500000, 0x00000000eab00000)
  object space 152576K, 70% used [0x00000000c0000000,0x00000000c68fe018,0x00000000c9500000)
 Metaspace       used 83712K, committed 84800K, reserved 1130496K
  class space    used 8487K, committed 8960K, reserved 1048576K
}
Event: 2543.299 GC heap before
{Heap before GC invocations=1453 (full 30):
 PSYoungGen      total 2560K, used 2544K [0x00000000eab00000, 0x00000000eaf80000, 0x0000000100000000)
  eden space 2048K, 100% used [0x00000000eab00000,0x00000000ead00000,0x00000000ead00000)
  from space 512K, 96% used [0x00000000eae80000,0x00000000eaefc040,0x00000000eaf00000)
  to   space 512K, 0% used [0x00000000eaf00000,0x00000000eaf00000,0x00000000eaf80000)
 ParOldGen       total 152576K, used 107512K [0x00000000c0000000, 0x00000000c9500000, 0x00000000eab00000)
  object space 152576K, 70% used [0x00000000c0000000,0x00000000c68fe018,0x00000000c9500000)
 Metaspace       used 83712K, committed 84800K, reserved 1130496K
  class space    used 8487K, committed 8960K, reserved 1048576K
}
Event: 2543.301 GC heap after
{Heap after GC invocations=1453 (full 30):
 PSYoungGen      total 2560K, used 256K [0x00000000eab00000, 0x00000000eaf80000, 0x0000000100000000)
  eden space 2048K, 0% used [0x00000000eab00000,0x00000000eab00000,0x00000000ead00000)
  from space 512K, 50% used [0x00000000eaf00000,0x00000000eaf40000,0x00000000eaf80000)
  to   space 512K, 0% used [0x00000000eae80000,0x00000000eae80000,0x00000000eaf00000)
 ParOldGen       total 152576K, used 107792K [0x00000000c0000000, 0x00000000c9500000, 0x00000000eab00000)
  object space 152576K, 70% used [0x00000000c0000000,0x00000000c69440f8,0x00000000c9500000)
 Metaspace       used 83712K, committed 84800K, reserved 1130496K
  class space    used 8487K, committed 8960K, reserved 1048576K
}
Event: 2552.203 GC heap before
{Heap before GC invocations=1454 (full 30):
 PSYoungGen      total 2560K, used 2303K [0x00000000eab00000, 0x00000000eaf80000, 0x0000000100000000)
  eden space 2048K, 99% used [0x00000000eab00000,0x00000000eacffff0,0x00000000ead00000)
  from space 512K, 50% used [0x00000000eaf00000,0x00000000eaf40000,0x00000000eaf80000)
  to   space 512K, 0% used [0x00000000eae80000,0x00000000eae80000,0x00000000eaf00000)
 ParOldGen       total 152576K, used 107792K [0x00000000c0000000, 0x00000000c9500000, 0x00000000eab00000)
  object space 152576K, 70% used [0x00000000c0000000,0x00000000c69440f8,0x00000000c9500000)
 Metaspace       used 83720K, committed 84864K, reserved 1130496K
  class space    used 8487K, committed 8960K, reserved 1048576K
}
Event: 2552.204 GC heap after
{Heap after GC invocations=1454 (full 30):
 PSYoungGen      total 2560K, used 378K [0x00000000eab00000, 0x00000000eaf80000, 0x0000000100000000)
  eden space 2048K, 0% used [0x00000000eab00000,0x00000000eab00000,0x00000000ead00000)
  from space 512K, 73% used [0x00000000eae80000,0x00000000eaede900,0x00000000eaf00000)
  to   space 512K, 0% used [0x00000000eaf00000,0x00000000eaf00000,0x00000000eaf80000)
 ParOldGen       total 152576K, used 107800K [0x00000000c0000000, 0x00000000c9500000, 0x00000000eab00000)
  object space 152576K, 70% used [0x00000000c0000000,0x00000000c69460f8,0x00000000c9500000)
 Metaspace       used 83720K, committed 84864K, reserved 1130496K
  class space    used 8487K, committed 8960K, reserved 1048576K
}
Event: 2552.219 GC heap before
{Heap before GC invocations=1455 (full 30):
 PSYoungGen      total 2560K, used 2426K [0x00000000eab00000, 0x00000000eaf80000, 0x0000000100000000)
  eden space 2048K, 99% used [0x00000000eab00000,0x00000000eacffff0,0x00000000ead00000)
  from space 512K, 73% used [0x00000000eae80000,0x00000000eaede900,0x00000000eaf00000)
  to   space 512K, 0% used [0x00000000eaf00000,0x00000000eaf00000,0x00000000eaf80000)
 ParOldGen       total 152576K, used 107800K [0x00000000c0000000, 0x00000000c9500000, 0x00000000eab00000)
  object space 152576K, 70% used [0x00000000c0000000,0x00000000c69460f8,0x00000000c9500000)
 Metaspace       used 83722K, committed 84864K, reserved 1130496K
  class space    used 8487K, committed 8960K, reserved 1048576K
}
Event: 2552.220 GC heap after
{Heap after GC invocations=1455 (full 30):
 PSYoungGen      total 2560K, used 505K [0x00000000eab00000, 0x00000000eb000000, 0x0000000100000000)
  eden space 2048K, 0% used [0x00000000eab00000,0x00000000eab00000,0x00000000ead00000)
  from space 512K, 98% used [0x00000000eaf00000,0x00000000eaf7e410,0x00000000eaf80000)
  to   space 1536K, 0% used [0x00000000ead00000,0x00000000ead00000,0x00000000eae80000)
 ParOldGen       total 152576K, used 108417K [0x00000000c0000000, 0x00000000c9500000, 0x00000000eab00000)
  object space 152576K, 71% used [0x00000000c0000000,0x00000000c69e05b0,0x00000000c9500000)
 Metaspace       used 83722K, committed 84864K, reserved 1130496K
  class space    used 8487K, committed 8960K, reserved 1048576K
}
Event: 2552.230 GC heap before
{Heap before GC invocations=1456 (full 30):
 PSYoungGen      total 2560K, used 2207K [0x00000000eab00000, 0x00000000eb000000, 0x0000000100000000)
  eden space 2048K, 83% used [0x00000000eab00000,0x00000000eaca98a0,0x00000000ead00000)
  from space 512K, 98% used [0x00000000eaf00000,0x00000000eaf7e410,0x00000000eaf80000)
  to   space 1536K, 0% used [0x00000000ead00000,0x00000000ead00000,0x00000000eae80000)
 ParOldGen       total 152576K, used 108417K [0x00000000c0000000, 0x00000000c9500000, 0x00000000eab00000)
  object space 152576K, 71% used [0x00000000c0000000,0x00000000c69e05b0,0x00000000c9500000)
 Metaspace       used 83722K, committed 84864K, reserved 1130496K
  class space    used 8487K, committed 8960K, reserved 1048576K
}
Event: 2552.231 GC heap after
{Heap after GC invocations=1456 (full 30):
 PSYoungGen      total 3584K, used 1512K [0x00000000eab00000, 0x00000000eb100000, 0x0000000100000000)
  eden space 2048K, 0% used [0x00000000eab00000,0x00000000eab00000,0x00000000ead00000)
  from space 1536K, 98% used [0x00000000ead00000,0x00000000eae7a0c0,0x00000000eae80000)
  to   space 2048K, 0% used [0x00000000eaf00000,0x00000000eaf00000,0x00000000eb100000)
 ParOldGen       total 152576K, used 108698K [0x00000000c0000000, 0x00000000c9500000, 0x00000000eab00000)
  object space 152576K, 71% used [0x00000000c0000000,0x00000000c6a26a40,0x00000000c9500000)
 Metaspace       used 83722K, committed 84864K, reserved 1130496K
  class space    used 8487K, committed 8960K, reserved 1048576K
}
Event: 2552.244 GC heap before
{Heap before GC invocations=1457 (full 30):
 PSYoungGen      total 3584K, used 3467K [0x00000000eab00000, 0x00000000eb100000, 0x0000000100000000)
  eden space 2048K, 95% used [0x00000000eab00000,0x00000000eace8d78,0x00000000ead00000)
  from space 1536K, 98% used [0x00000000ead00000,0x00000000eae7a0c0,0x00000000eae80000)
  to   space 2048K, 0% used [0x00000000eaf00000,0x00000000eaf00000,0x00000000eb100000)
 ParOldGen       total 152576K, used 108698K [0x00000000c0000000, 0x00000000c9500000, 0x00000000eab00000)
  object space 152576K, 71% used [0x00000000c0000000,0x00000000c6a26a40,0x00000000c9500000)
 Metaspace       used 83722K, committed 84864K, reserved 1130496K
  class space    used 8487K, committed 8960K, reserved 1048576K
}
Event: 2552.246 GC heap after
{Heap after GC invocations=1457 (full 30):
 PSYoungGen      total 2560K, used 2047K [0x00000000eab00000, 0x00000000eb400000, 0x0000000100000000)
  eden space 512K, 0% used [0x00000000eab00000,0x00000000eab00000,0x00000000eab80000)
  from space 2048K, 99% used [0x00000000eaf00000,0x00000000eb0ffe18,0x00000000eb100000)
  to   space 3584K, 0% used [0x00000000eab80000,0x00000000eab80000,0x00000000eaf00000)
 ParOldGen       total 152576K, used 109811K [0x00000000c0000000, 0x00000000c9500000, 0x00000000eab00000)
  object space 152576K, 71% used [0x00000000c0000000,0x00000000c6b3cce8,0x00000000c9500000)
 Metaspace       used 83722K, committed 84864K, reserved 1130496K
  class space    used 8487K, committed 8960K, reserved 1048576K
}
Event: 2552.246 GC heap before
{Heap before GC invocations=1458 (full 30):
 PSYoungGen      total 2560K, used 2047K [0x00000000eab00000, 0x00000000eb400000, 0x0000000100000000)
  eden space 512K, 0% used [0x00000000eab00000,0x00000000eab00000,0x00000000eab80000)
  from space 2048K, 99% used [0x00000000eaf00000,0x00000000eb0ffe18,0x00000000eb100000)
  to   space 3584K, 0% used [0x00000000eab80000,0x00000000eab80000,0x00000000eaf00000)
 ParOldGen       total 152576K, used 109811K [0x00000000c0000000, 0x00000000c9500000, 0x00000000eab00000)
  object space 152576K, 71% used [0x00000000c0000000,0x00000000c6b3cce8,0x00000000c9500000)
 Metaspace       used 83722K, committed 84864K, reserved 1130496K
  class space    used 8487K, committed 8960K, reserved 1048576K
}
Event: 2552.247 GC heap after
{Heap after GC invocations=1458 (full 30):
 PSYoungGen      total 3072K, used 2130K [0x00000000eab00000, 0x00000000eb100000, 0x0000000100000000)
  eden space 512K, 0% used [0x00000000eab00000,0x00000000eab00000,0x00000000eab80000)
  from space 2560K, 83% used [0x00000000eab80000,0x00000000ead94ae0,0x00000000eae00000)
  to   space 2560K, 0% used [0x00000000eae80000,0x00000000eae80000,0x00000000eb100000)
 ParOldGen       total 152576K, used 109851K [0x00000000c0000000, 0x00000000c9500000, 0x00000000eab00000)
  object space 152576K, 71% used [0x00000000c0000000,0x00000000c6b46ce8,0x00000000c9500000)
 Metaspace       used 83722K, committed 84864K, reserved 1130496K
  class space    used 8487K, committed 8960K, reserved 1048576K
}
Event: 2552.247 GC heap before
{Heap before GC invocations=1459 (full 31):
 PSYoungGen      total 3072K, used 2130K [0x00000000eab00000, 0x00000000eb100000, 0x0000000100000000)
  eden space 512K, 0% used [0x00000000eab00000,0x00000000eab00000,0x00000000eab80000)
  from space 2560K, 83% used [0x00000000eab80000,0x00000000ead94ae0,0x00000000eae00000)
  to   space 2560K, 0% used [0x00000000eae80000,0x00000000eae80000,0x00000000eb100000)
 ParOldGen       total 152576K, used 109851K [0x00000000c0000000, 0x00000000c9500000, 0x00000000eab00000)
  object space 152576K, 71% used [0x00000000c0000000,0x00000000c6b46ce8,0x00000000c9500000)
 Metaspace       used 83722K, committed 84864K, reserved 1130496K
  class space    used 8487K, committed 8960K, reserved 1048576K
}

